<?xml version="1.0" encoding="UTF-8"?>
<!-- Generated by org.testng.reporters.JUnitReportReporter -->
<testsuite hostname="LAPTOP-0FC01LLL" failures="0" tests="6" name="api.test.DDTests" time="13.241" errors="0" timestamp="2023-09-17T17:13:44 IST" skipped="0">
  <testcase classname="api.test.DDTests" name="testPostUser" time="1.935"/>
  <testcase classname="api.test.DDTests" name="testPostUser" time="4.053"/>
  <testcase classname="api.test.DDTests" name="testPostUser" time="2.002"/>
  <testcase classname="api.test.DDTests" name="testDeleteUserName" time="1.825"/>
  <testcase classname="api.test.DDTests" name="testDeleteUserName" time="1.839"/>
  <testcase classname="api.test.DDTests" name="testDeleteUserName" time="1.587"/>
</testsuite> <!-- api.test.DDTests -->
