<?xml version="1.0" encoding="UTF-8"?>
<!-- Generated by org.testng.reporters.JUnitReportReporter -->
<testsuite hostname="LAPTOP-0FC01LLL" failures="0" tests="4" name="api.test.UserTests" time="19.555" errors="0" timestamp="2023-09-18T05:36:17 IST" skipped="0">
  <testcase classname="api.test.UserTests" name="testPostUser" time="4.719"/>
  <testcase classname="api.test.UserTests" name="testGetUserByName" time="7.363"/>
  <testcase classname="api.test.UserTests" name="testUpdateUserByName" time="5.213"/>
  <testcase classname="api.test.UserTests" name="testDeleteUserByName" time="2.260"/>
</testsuite> <!-- api.test.UserTests -->
