<?xml version="1.0" encoding="UTF-8"?>
<!-- Generated by org.testng.reporters.JUnitReportReporter -->
<testsuite hostname="LAPTOP-0FC01LLL" failures="0" tests="4" name="api.test.UserTests2" time="9.324" errors="0" timestamp="2023-09-18T06:59:51 IST" skipped="0">
  <testcase classname="api.test.UserTests2" name="testPostUser" time="3.215"/>
  <testcase classname="api.test.UserTests2" name="testGetUserByName" time="1.528"/>
  <testcase classname="api.test.UserTests2" name="testUpdateUserByName" time="3.054"/>
  <testcase classname="api.test.UserTests2" name="testDeleteUserByName" time="1.527"/>
</testsuite> <!-- api.test.UserTests2 -->
