<?xml version="1.0" encoding="UTF-8"?>
<!-- Generated by org.testng.reporters.JUnitReportReporter -->
<testsuite hostname="LAPTOP-0FC01LLL" failures="0" tests="6" name="api.test.DDTests" time="10.950" errors="0" timestamp="2023-09-18T07:32:22 IST" skipped="0">
  <testcase classname="api.test.DDTests" name="testPostUser" time="2.694"/>
  <testcase classname="api.test.DDTests" name="testPostUser" time="1.267"/>
  <testcase classname="api.test.DDTests" name="testPostUser" time="1.368"/>
  <testcase classname="api.test.DDTests" name="testDeleteUserName" time="2.620"/>
  <testcase classname="api.test.DDTests" name="testDeleteUserName" time="1.519"/>
  <testcase classname="api.test.DDTests" name="testDeleteUserName" time="1.482"/>
</testsuite> <!-- api.test.DDTests -->
