<?xml version="1.0" encoding="UTF-8"?>
<!-- Generated by org.testng.reporters.JUnitReportReporter -->
<testsuite hostname="LAPTOP-0FC01LLL" failures="0" tests="4" name="api.test.UserTests" time="6.699" errors="0" timestamp="2023-09-18T07:32:22 IST" skipped="0">
  <testcase classname="api.test.UserTests" name="testPostUser" time="1.458"/>
  <testcase classname="api.test.UserTests" name="testGetUserByName" time="1.396"/>
  <testcase classname="api.test.UserTests" name="testUpdateUserByName" time="2.540"/>
  <testcase classname="api.test.UserTests" name="testDeleteUserByName" time="1.305"/>
</testsuite> <!-- api.test.UserTests -->
